1.0
2.2
3.0
4.0
5.4
7.0
9.0
11.6
12.6
13.2
14.2
14.6
16.2
17.6
18.7
22.0
25.2
29.0
30.8
30.0
35.0
34.4
42.0
45.4
49.2
48.8
55.4
55.2
55.0
50.0
49.2
50.2
50.4
57.0
56.8
64.8
69.7
72.8
74.7
80.3
85.9
80.9
81.9
82.1
83.1
88.7
85.1
84.5
83.7
87.9
94.7
94.7
99.5
103.0
105.6
104.8
103.6
109.8
105.2
113.8
119.2
121.6
122.8
121.6
115.2
107.8
107.8
105.2
107.4
103.4
100.4
93.0
96.4
96.0
96.0
92.6
88.8
91.2
93.6
95.8
101.4
107.0
107.0
109.6
107.4
107.0
107.6
104.8
109.8
108.8
117.8
123.4
119.6
123.8
130.0
124.0
112.4
107.2
108.0
120.1
121.9
119.6
115.3
115.9
118.3
121.9
119.9
123.1
125.1
122.7
122.9
126.7
126.5
133.7
136.9
136.9
135.7
138.1
140.1
140.5
145.0
149.0
150.8
151.2
153.2
150.8
146.4
143.4
140.6
138.4
138.0
135.6
134.6
132.8
144.6
146.2
155.2
167.8
166.0
151.4
145.2
149.2
150.2
144.8
138.8
138.8
139.4
136.4
132.0
139.0
136.6
132.0
133.0
129.8
127.0
127.8
119.0
120.4
115.4
122.4
122.2
118.2
132.4
135.6
136.0
131.6
130.8
132.8
141.0
140.2
145.4
147.0
137.4
136.0
134.4
126.8
127.8
126.8
128.6
132.2
141.4
143.4
153.2
149.6
148.4
146.4
154.4
155.8
152.6
146.0
147.9
142.7
137.9
137.7
146.7
136.9
143.3
147.9
147.3
153.1
145.7
145.7
145.1
143.1
142.1
142.3
150.9
158.7
153.1
146.7
151.5
148.3
152.5
161.5
163.5
163.1
154.3
149.5
150.5
158.9
156.3
156.9
151.1
158.5
163.1
160.5
159.3
156.5
153.3
165.3
162.3
172.5
174.7
172.1
166.7
166.7
157.7
154.1
156.7
148.7
157.4
156.8
149.0
147.4
142.6
146.8
148.6
142.6
150.8
152.0
153.2
148.2
148.6
141.4
138.4
147.0
143.0
139.8
143.8
141.6
144.4
151.0
148.8
146.2
145.6
141.8
143.2
146.6
151.2
156.0
157.2
159.8
160.8
159.0
167.9
165.5
166.3
167.7
176.9
171.5
167.5
161.7
161.8
171.5
167.3
172.7
178.2
186.6
187.2
181.8
181.6
185.4
192.8
178.6
175.8
173.6
172.4
169.6
167.6
176.8
175.6
176.6
193.4
190.2
187.2
190.0
190.0
191.6
191.2
196.8
199.0
210.8
208.0
213.6
215.6
220.8
230.6
228.2
238.2
244.2
240.0
230.2
236.4
229.0
230.8
228.8
238.2
239.2
236.0
227.4
233.5
234.7
237.9
248.9
247.9
249.9
260.9
268.9
259.9
265.5
255.7
254.9
244.1
246.3
255.7
268.1
272.7
271.7
285.1
297.7
298.1
304.3
303.3
306.9
318.5
300.9
301.1
311.1
307.1
318.5
328.5
337.9
338.1
326.9
321.7
331.7
320.3
312.3
311.1
318.7
315.9
319.3
309.7
326.1
337.3
344.3
351.1
356.1
365.9
367.5
368.7
361.3
360.3
364.3
367.2
348.6
353.0
339.0
346.8
357.4
364.6
375.4
368.2
369.2
371.0
357.0
368.4
360.4
366.4
375.4
363.4
364.8
369.8
373.2
375.6
362.0
352.0
356.0
345.6
343.8
328.0
311.2
307.0
304.0
315.6
320.6
329.4
337.0
329.0
306.6
314.4
306.6
299.4
303.6
294.8
308.9
313.1
304.5
295.9
293.7
296.7
299.1
303.7
301.7
298.3
299.3
301.5
298.9
299.5
300.7
306.3
307.9
310.7
304.1
304.7
308.3
307.9
320.7
328.7
319.9
324.5
310.1
312.9
311.9
301.1
293.5
303.9
302.3
299.3
295.9
304.1
284.9
292.3
297.5
293.7
289.5
282.7
278.3
280.9
266.9
269.7
274.7
263.1
268.1
268.9
264.7
261.9
257.3
263.5
274.5
271.9
275.7
288.7
290.5
292.9
300.3
312.1
313.9
323.7
312.9
307.9
305.5
298.5
303.3
294.7
290.1
287.7
278.1
289.3
279.1
278.5
282.8
282.4
282.6
273.0
281.2
273.8
279.8
275.0
280.0
285.6
283.2
294.6
299.2
307.4
306.4
318.8
325.4
326.2
325.8
336.8
351.4
340.2
338.2
341.2
340.2
335.2
334.0
351.6
366.8
375.6
384.0
383.0
379.8
372.2
350.2
335.8
335.4
352.8
337.4
343.6
358.6
365.2
367.0
366.8
358.2
358.6
357.6
358.6
375.0
383.6
372.2
376.2
366.2
369.4
377.6
364.6
365.2
385.2
389.8
400.8
397.4
409.6
421.4
425.2
413.8
409.8
408.8
409.2
422.6
414.2
415.0
409.6
407.6
407.0
400.0
390.0
397.2
397.0
400.2
396.8
385.0
379.6
382.2
379.8
374.6
381.8
373.6
366.6
363.7
358.1
349.5
354.9
360.1
371.9
371.1
367.3
366.9
371.1
359.5
388.3
382.4
385.4
377.0
371.6
373.4
355.4
364.5
371.5
361.1
357.5
345.7
340.7
334.5
344.5
333.9
335.9
325.3
316.7
321.3
319.5
321.7
318.2
311.8
320.2
322.2
319.8
334.4
353.2
345.8
345.4
338.0
339.8
348.2
354.6
353.2
350.6
353.8
358.4
347.8
360.5
375.5
359.7
370.5
377.1
360.1
351.1
358.3
351.5
342.5
326.5
332.5
327.3
312.7
315.9
320.9
322.5
319.7
317.5
320.7
325.7
327.7
327.1
329.9
334.1
342.1
356.7
344.7
360.9
354.7
359.2
359.8
344.0
347.3
358.1
353.9
362.7
356.5
342.9
347.3
354.3
360.3
384.1
382.7
371.1
366.3
374.9
369.3
362.5
363.9
357.5
348.7
359.3
359.1
379.9
395.9
396.7
403.5
405.3
407.7
417.5
424.7
416.3
411.9
412.7
413.3
430.3
419.1
410.7
399.9
398.9
382.9
379.5
375.5
369.3
358.5
370.8
365.8
367.2
372.0
369.2
370.8
357.4
359.2
379.2
381.0
388.2
401.8
402.6
409.6
396.8
400.2
404.6
401.0
412.4
411.8
418.4
401.8
400.8
404.0
408.8
409.6
411.8
405.0
415.0
407.0
416.6
413.8
403.8
419.8
419.0
409.6
404.2
406.8
396.4
402.8
418.5
424.7
427.1
432.5
432.5
430.1
434.7
431.7
431.9
424.1
413.8
411.7
399.0
395.4
402.0
417.0
419.2
419.2
409.8
410.4
415.2
414.4
421.7
448.0
448.6
445.0
441.4
438.8
444.0
445.6
436.8
424.8
435.0
434.8
409.8
417.4
419.0
423.1
444.3
452.9
456.3
456.3
473.3
483.1
474.3
493.7
492.3
504.3
505.5
511.1
505.7
523.9
508.3
500.9
497.7
504.1
494.1
479.3
466.5
463.3
450.3
442.7
451.7
447.1
444.2
443.8
438.8
457.8
459.6
460.9
459.5
460.5
474.1
467.9
465.9
467.1
459.7
463.3
474.7
462.7
452.5
466.6
485.8
492.0
503.6
501.5
514.5
501.1
493.1
487.6
500.6
500.8
484.2
483.2
481.0
491.6
488.8
507.2
522.3
521.1
500.9
511.1
522.5
538.1
532.9
541.1
548.3
552.3
552.7
562.5
539.1
544.1
554.5
543.9
534.1
546.9
566.5
559.2
552.5
541.2
553.9
564.5
556.2
582.4
597.2
592.6
578.0
575.6
590.4
584.8
598.4
588.4
580.2
590.4
611.8
615.2
617.9
632.3
633.9
646.5
638.3
665.5
635.9
636.7
622.7
633.7
628.5
639.9
641.9
634.3
644.5
630.7
623.9
627.9
628.1
632.7
640.7
628.7
631.9
609.9
622.9
632.9
626.1
625.3
627.5
629.1
630.5
628.9
637.3
656.5
661.9
672.1
678.9
685.1
685.1
666.3
674.8
662.0
676.2
674.8
669.2
674.8
666.2
658.8
635.4
630.6
658.6
668.6
677.0
670.6
696.4
711.0
713.6
728.2
725.2
699.0
693.6
704.6
720.8
719.1
722.5
701.3
707.0
701.5
692.9
687.4
680.7
687.7
698.3
713.1
703.1
718.3
728.5
733.5
737.9
747.1
735.3
731.5
724.3
752.3
756.9
772.3
777.7
781.7
794.1
797.1
804.8
792.8
801.6
812.4
802.0
803.3
792.3
800.3
798.7
802.7
822.5
831.7
846.3
867.8
869.0
862.8
858.4
849.2
