0.20262500000000014
0.19953749999999987
0.1979916666666669
0.19663750000000024
0.1951399999999998
0.19651249999999976
0.1961392857142858
0.19445312500000003
0.1951055555555555
0.1941550000000001
0.19368636363636368
0.1946208333333335
0.19383653846153853
0.19322142857142852
0.19417666666666675
0.19364062499999993
0.19405588235294108
0.19393333333333332
0.19417499999999993
0.19491374999999983
0.19501904761904748
0.19402499999999992
0.19259239130434797
0.1929645833333332
0.19280099999999986
0.19304519230769218
0.19230833333333314
0.19249642857142857
0.19141551724137923
0.19090666666666672
0.19001209677419345
0.1893039062499998
0.18859393939393934
0.18792867647058817
0.18828499999999992
0.18742777777777767
0.18782499999999985
0.18748684210526312
0.1876641025641026
0.188386875
0.1881225609756098
0.188122619047619
0.1885337209302325
0.18823409090909096
0.18934888888888876
0.18918260869565232
0.18823776595744682
0.1875244791666665
0.18745765306122447
0.18756550000000022
0.18763676470588253
0.1879817307692307
0.18796650943396237
0.1879398148148148
0.18812681818181826
0.18789687500000024
0.18793859649122827
0.1882120689655174
0.1884169491525424
0.18838833333333335
0.18830163934426225
0.1881673387096775
0.18822341269841292
0.18841679687499993
0.18880961538461538
0.18914507575757555
0.18897201492537324
0.18865294117647052
0.18905253623188412
0.18934785714285698
0.18916373239436637
0.18869583333333353
0.1888106164383562
0.18868243243243235
0.18913466666666662
0.1887625000000002
0.18863279220779222
0.18879070512820492
0.1882443037974684
0.18876843750000005
0.18871111111111122
0.18897652439024393
0.18914487951807216
0.188790476190476
0.18844588235294127
0.18822965116279067
0.1887867816091954
0.18849176136363643
0.18866320224719108
0.18842972222222226
0.18894010989010976
0.18837880434782636
0.18796559139784952
0.18813430851063834
0.1875094736842105
0.1869158854166666
0.18639742268041232
0.18632602040816326
0.18647020202020204
0.18650949999999983
0.186661881188119
0.1864477941176471
0.18703446601941748
0.18719567307692303
0.18689428571428576
0.1866893867924529
0.18705584112149531
0.18708217592592608
0.1870488532110091
0.18693954545454552
0.18681193693693704
0.18692767857142867
0.18714380530973457
0.1868885964912281
0.1869928260869568
0.18688340517241372
0.18670534188034185
0.18642627118644062
0.18647899159663864
0.18637624999999985
0.18623739669421469
0.1861870901639343
0.1862461382113822
0.18654798387096788
0.1867564
0.18636448412698425
0.186569094488189
0.18651796874999993
0.1864250000000001
0.1868026923076924
0.186658396946565
0.18636250000000001
0.1865022556390979
0.18659776119402985
0.18647592592592588
0.18652022058823534
0.18677682481751826
0.18653260869565205
0.18668165467625886
0.1867360714285715
0.18671046099290792
0.18695739436619713
0.18674178321678334
0.18638541666666664
0.18649379310344827
0.1861015410958903
0.18650476190476198
0.18661739864864862
0.18649362416107385
0.18642050000000004
0.18655728476821187
0.1868162828947367
0.1868700980392158
0.18701769480519495
0.18692822580645158
0.1867408653846155
0.18653136942675144
0.18656503164556976
0.18635691823899367
0.18640796874999996
0.18633059006211183
0.18659182098765428
0.18676901840490803
0.1863948170731706
0.18662636363636348
0.18656249999999977
0.18676931137724537
0.18671636904761918
0.18679792899408273
0.1866807352941176
0.1865023391812865
0.18615465116279079
0.18618251445086706
0.18607442528735646
0.18627885714285708
0.18618522727272724
0.18643785310734481
0.1865844101123594
0.18675851955307274
0.18698625
0.18708950276243105
0.18704258241758245
0.18689084699453545
0.18700475543478254
0.18682567567567573
0.18670712365591396
0.18655895721925134
0.18671329787234042
0.18684947089947088
0.1868684210526316
0.18676020942408386
0.18679127604166648
0.18688510362694316
0.18702164948453628
0.18715961538461554
0.18717691326530614
0.18693324873096445
0.18725012626262608
0.1870128140703518
0.18679049999999983
0.18676890547263672
0.1869202970297031
0.18686564039408854
0.18724276960784275
0.18698182926829263
0.18703131067961154
0.18687608695652164
0.18670624999999985
0.18659377990430628
0.18672583333333337
0.18689241706161122
0.18720613207547177
0.18706455399061042
0.18724544392523362
0.18713953488372087
0.18699699074074055
0.18689746543778812
0.18696639908256876
0.18718972602739753
0.18687431818181827
0.18677104072398176
0.186620945945946
0.18691625560538125
0.18716897321428577
0.18683999999999995
0.18669535398230108
0.18680451541850232
0.1865638157894739
0.1866361353711791
0.18669586956521747
0.18678474025974035
0.18701519396551716
0.18705761802575097
0.18733450854700873
0.187504574468085
0.18733824152542383
0.18702837552742627
0.18693750000000017
0.18718943514644357
0.18751374999999987
0.18738807053941928
0.18729390495867784
0.18716327160493826
0.18707725409836054
0.18697295918367335
0.18714237804878064
0.18701720647773304
0.18725997983870965
0.18704407630522102
0.18690669999999987
0.18674601593625487
0.1869665674603176
0.18691916996047436
0.18675797244094505
0.18662764705882345
0.1866138671874999
0.1864955252918288
0.1866187015503875
0.18648513513513507
0.18665153846153842
0.18701417624521072
0.1870800572519085
0.1868050380228138
0.1867761363636364
0.18700386792452825
0.18698928571428597
0.18705112359550538
0.18689999999999993
0.18693828996282538
0.18704129629629615
0.18711743542435424
0.18721976102941168
0.18733131868131858
0.18718695255474452
0.18745045454545467
0.18768478260869562
0.18772851985559563
0.18755431654676266
0.18759489247311828
0.18773866071428555
0.18783238434163685
0.1880468971631205
0.18821625441696116
0.18822588028169002
0.18803236842105264
0.18804860139860133
0.18803493031358878
0.18825416666666647
0.1885063148788927
0.18843784482758616
0.18861219931271486
0.18853595890410954
0.18824539249146757
0.18831428571428585
0.18815025423728818
0.1880669763513513
0.18845058922558913
0.18849924496644302
0.1884209030100333
0.18837066666666677
0.1880365448504984
0.1880937086092717
0.18828069306930695
0.18821455592105266
0.18836770491803292
0.18828970588235294
0.1881241042345277
0.18826444805194809
0.1882045307443361
0.1879595161290322
0.1881204180064308
0.1881755608974358
0.18815471246006407
0.18812149681528662
0.1880670634920633
0.18791867088607603
0.18795875394321773
0.18800023584905656
0.18820227272727275
0.18798695312499986
0.18832959501557614
0.18852065217391298
0.18845201238390086
0.18861419753086417
0.18880615384615382
0.1885756901840491
0.1885311926605504
0.18855655487804884
0.18844445288753803
0.18842666666666663
0.18838247734138963
0.1883026355421686
0.18798618618618615
0.18813113772455115
0.18829320895522386
0.18814977678571423
0.18833234421364992
0.18814178994082834
0.1882674041297936
0.18840551470588238
0.18821906158357765
0.18817989766081852
0.18806632653061214
0.1877361191860465
0.1877860144927537
0.18792716763005782
0.18799308357348707
0.1881908045977012
0.18794527220630386
0.18794321428571428
0.18776203703703692
0.18767961647727277
0.1874781869688386
0.18759442090395467
0.18732528169014098
0.18694417134831456
0.18693081232492995
0.18688414804469264
0.18700849582172696
0.18729395833333343
0.18735491689750702
0.18723812154696123
0.1871089531680441
0.18707506868131862
0.18713123287671235
0.18734699453551915
0.18719380108991815
0.18709769021739142
0.1872966124661246
0.1871870945945946
0.18729043126684639
0.18734166666666668
0.18756528150134036
0.18743021390374312
0.18762639999999992
0.18768484042553205
0.18764078249336869
0.18775529100529115
0.18774478891820562
0.18786809210526295
0.1878019028871391
0.18805608638743443
0.1879468668407311
0.18812936197916677
0.1879968181818183
0.1879691062176166
0.18777667958656333
0.18771005154639175
0.18791266066838044
0.18769794871794881
0.187751023017903
0.1876686862244898
0.18756017811704842
0.18742366751269035
0.18746943037974667
0.18738851010100996
0.18722374055415622
0.18727167085427143
0.1873022556390977
0.1870630624999999
0.18699445137157114
0.18712189054726364
0.1871497518610424
0.18729591584158412
0.18739641975308666
0.18748442118226608
0.1873458845208846
0.1873736519607843
0.1872523838630808
0.18724341463414637
0.18745547445255462
0.1873654126213593
0.1873674939467312
0.18720054347826104
0.1871816867469878
0.18723515624999987
0.1875414868105516
0.18766339712918675
0.18770877088305496
0.187629642857143
0.18766371733966758
0.18776966824644534
0.1877248226950355
0.18779663915094338
0.18792217647058831
0.18774694835680764
0.18764104215456692
0.1875779205607478
0.18738659673659677
0.1874809883720932
0.18755208816705332
0.18757366898148145
0.18756431870669743
0.1873365207373272
0.18734683908045982
0.18724392201834866
0.18737894736842114
0.18745336757990844
0.18760148063781312
0.1876680681818182
0.18756479591836725
0.18751102941176498
0.18723030474040625
0.18686340090090087
0.18696134831460676
0.18704809417040363
0.18734004474272922
0.1873616629464285
0.18739576837416466
0.1872556666666666
0.18703968957871397
0.1871271017699116
0.1872060154525385
0.18727924008810581
0.18724148351648343
0.18706869517543875
0.1871159190371991
0.18706692139737988
0.18698099128540305
0.18688494565217403
0.18689473969631226
0.18683273809523815
0.18674249460043182
0.18665016163793088
0.1866841935483871
0.18664656652360503
0.1866043897216273
0.18661249999999985
0.1867875266524521
0.18703196808510644
0.18703800424628436
0.18715307203389817
0.18707256871035957
0.1870009493670886
0.18714405263157927
0.18708639705882327
0.18724989517819687
0.18708734309623426
0.18709561586638818
0.18712630208333358
0.18723596673596687
0.18701089211618252
0.1869478260869566
0.18707231404958674
0.18702432989690707
0.1869184670781892
0.18720559548254623
0.18700676229508195
0.18699657464212702
0.18718576530612227
0.18700198574338064
0.18708998983739866
0.18704974645030417
0.18698294534412968
0.1867981818181818
0.18691345766129025
0.18698777665995986
0.18708483935742973
0.18697540080160324
0.1870633499999999
0.18720928143712592
0.1873053784860558
0.1873171471172962
0.18732281746031748
0.18752876237623778
0.18765321146245062
0.1874934418145958
0.18759527559055095
0.1877051080550099
0.18760495098039218
0.1876743150684932
0.1876274902343749
0.18783796296296276
0.18781327821011679
0.18776902912621343
0.18771337209302302
0.18767799806576396
0.18747567567567566
0.18758969171483608
0.18782980769230762
0.18791228406909793
0.1878156609195403
0.1877152485659657
0.1878356393129771
0.18809676190476193
0.18813783269961962
0.1879623814041747
0.18791898674242422
0.18792362948960306
0.18779952830188687
0.18775371939736338
0.18771968984962412
0.1878993902439025
0.1878364700374535
0.18773121495327083
0.18774566231343284
0.1875718342644318
0.18749121747211897
0.18757402597402595
0.1875677777777778
0.1876913123844731
0.18780424354243536
0.18772150092081047
0.18780643382352913
0.18778866972477082
0.1878838369963372
0.18796942413162715
0.18813827554744522
0.1882707650273223
0.1882650454545453
0.1882716424682397
0.1884242753623186
0.18827084086799284
0.1883546931407941
0.1884327027027027
0.18838471223021594
0.18836382405745042
0.1882670698924731
0.18824454382826486
0.1883959375
0.1884161319073083
0.18836681494661897
0.18857029307282414
0.18835168439716335
0.18823061946902656
0.18821356007067142
0.18802663139329806
0.18818705985915496
0.18828479789103672
0.18822293859649117
0.18807140980735565
0.18809584790209774
0.18817779232111706
0.18820060975609773
0.18818108695652186
0.18828971354166646
0.18846971403812807
0.18870423875432527
0.18877055267702933
0.18887163793103454
0.1890372203098107
0.18929810996563579
0.1894894082332763
0.18937923801369874
0.18934641025641027
0.18922747440273036
0.18910285349233374
0.18914366496598622
0.1890339983022072
0.18920177966101692
0.18934911167512683
0.18939446790540526
0.18925202360876903
0.18906237373737364
0.1890160924369747
0.1889544463087247
0.18887814070351772
0.18907215719063547
0.1888303839732889
0.18899074999999996
0.18905848585690505
0.18896387043189367
0.1888340796019901
0.18871249999999998
0.18871537190082638
0.18877875412541245
0.1889593904448104
0.18895316611842117
0.18891005747126433
0.18899639344262292
0.1889481178396072
0.1890372140522876
0.1891064437194128
0.18892280130293163
0.18902418699186999
0.1890523538961037
0.18920705024311177
0.18909906957928785
0.18909543618739905
0.18912693548387086
0.18897584541062815
0.18883440514469454
0.18885192616372393
0.18898341346153844
0.18889076
0.18890215654952086
0.18880486443381173
0.18870334394904456
0.1885184419713833
0.18844126984126983
0.18849599841521422
0.18855992879746855
0.188576579778831
0.18858343848580444
0.18843803149606292
0.18841918238993724
0.18837715855573017
0.1884933385579937
0.18853771517996865
0.18864234374999989
0.188553627145086
0.1887927570093458
0.18880765940902014
0.1888665760869563
0.18899321705426342
0.1891094814241486
0.18898288253477596
0.1888230709876544
0.1888286594761171
0.18877953846153855
0.18900745007680494
0.18892576687116583
0.18896852986217472
0.18902064220183476
0.18884064885496182
0.18878826219512204
0.1889261796042617
0.1888682370820667
0.18888801213960546
0.18910439393939382
0.18930839636913777
0.1894081193353475
0.18938668929110086
0.18927138554216874
0.18939334586466164
0.18947357357357322
0.18936791604197906
0.189275636227545
0.18923662182361725
0.18923033582089555
0.18939221311475424
0.18934940476190462
0.18941779346211018
0.18927381305637983
0.18919955555555562
0.18910122041420122
0.1891158788774003
0.1891527654867258
0.18929620765832086
0.18927099264705874
0.18940954478707786
0.18930623167155422
0.189367496339678
0.18943936403508774
0.1894792700729925
0.18955291545189512
0.1895433406113536
0.1895542514534883
0.18959564586357033
0.18950844202898565
0.189598552821997
0.18962384393063575
0.18952900432900435
0.18955965417867413
0.18973935251798563
0.1896019396551724
0.18969583931133432
0.18969197707736402
0.18970257510729632
0.1897681428571429
0.18974015691868762
0.1897681623931622
0.189696586059744
0.1896078480113636
0.18962148936170217
0.18957206090651557
0.18933295615275808
0.18931052259887016
0.1892578279266572
0.1893622887323944
0.18931406469760897
0.18924571629213494
0.18907254558204775
0.18916495098039243
0.18927608391608405
0.1892497905027932
0.18926094839609484
0.1891966573816156
0.18916901947148806
0.18910135416666662
0.18929854368932036
0.18918119806094189
0.18906448824343028
0.1891313881215469
0.18914051724137937
0.18916869834710748
0.18915144429160918
0.1891300824175824
0.18912129629629623
0.18920078767123308
0.1892314979480164
0.18915413251366112
0.18919331514324703
0.18924451634877373
0.18927908163265297
0.18910655570652177
0.1889435888738128
0.18899891598915983
0.18894052774018932
0.18893594594594595
0.18875330634278012
0.18884302560646898
0.18885871467025572
0.1889089717741936
0.18874546979865767
0.1885540549597855
0.1884094712182062
0.18834872994652418
0.1884584445927904
0.18845309999999985
0.1885059920106524
0.1883533577127662
0.18827885126162008
0.18829615384615359
0.18824685430463564
0.1880977513227513
0.18796981505944518
0.18806602902374675
0.18820046113306982
0.1881637828947367
0.18822624835742452
0.18832047244094488
0.1885482961992134
0.18864842931937179
0.1886804248366014
0.188692493472585
0.18887193611473277
0.18888108723958344
0.18890185305591678
0.18884574675324667
0.18884941634241223
0.18874491580310876
0.18893900388098314
0.18883359173126618
0.1887742903225806
0.1888252899484538
0.18888803088803094
0.18887345758354762
0.18879573170731698
0.1886211858974359
0.18867861715749043
0.1888808503836318
0.1889718071519796
0.18890169005102053
0.18900028662420387
0.18894506997455457
0.18907077509529852
0.18913366116751285
0.18918193916349793
0.18914341772151924
0.18920489886219966
0.1890092803030304
0.18883291298865074
0.188816120906801
0.18880044025157244
0.18870559045226132
0.188687296110414
0.18870275689223043
0.18877046307884854
0.18865078125000007
0.18869575530586755
0.18878397755610946
0.1887857098381072
0.1887359452736316
0.18885136645962716
0.18878681761786595
0.18879225526641888
0.18895686881188103
0.18878451792336218
0.18871222222222214
0.18863409371146717
0.18870701970443338
0.18885673431734318
0.18891686117936113
0.18894223926380374
0.18890153186274497
0.18889443084455323
0.18884373471882646
0.18894471916971917
0.18898021341463414
0.18916400730816088
0.18920410583941621
0.18929091737545548
0.18920257888349507
0.1893352424242424
0.18926800847457623
0.18909220072551405
0.18911742149758443
0.1891168576598308
0.18905864457831334
0.18907608303249102
0.1891052283653846
0.1891312424969988
0.1892753896882495
0.189190239520958
0.18929563397129204
0.18928954599761044
0.18922204653937946
0.18918557806912983
0.18925705357142866
0.18924423305588584
0.18925935273159122
0.18925091933570587
0.1892683056872039
0.18934618343195267
0.18935357565011826
0.18943592089728448
0.1894398584905661
0.18958371613663128
0.18949114705882336
0.1896161280846063
0.18974157863849786
0.18976503516998794
0.18996311475409847
0.1898255555555555
0.19005061331775705
0.1899547257876312
0.1899865675990676
0.18999077415599544
0.1898496511627905
0.189761730545877
0.18991308004640356
0.1898655272305909
0.19004728009259264
0.18994263005780324
0.19002990762124708
0.19008930219146467
0.19008444700460833
0.18999683544303797
0.19010833333333338
0.19021756601607356
0.19027563073394513
0.19009335624284088
0.19017886155606395
0.19008759999999988
0.19005211187214605
0.18992277651083225
0.1899795842824602
0.18998924914675758
0.19012178977272737
0.19001194665153223
0.19011156462585035
0.1902413363533409
0.19024522058823545
0.1902446045197741
0.19034534424379218
0.19030349492671916
0.1901432713963965
0.19037426884139483
0.19045499999999999
0.1903954264870931
0.19043164237668167
0.19043412653975375
0.19030715883668917
0.19045455307262557
0.19060722656250031
0.19059735228539587
0.19043730512249446
0.1903676585094552
0.19037658333333302
0.19034406215316305
0.19036349778270484
0.19038828903654476
0.19034327986725644
0.19021693370165751
0.19040681567328932
0.1904042723263507
0.19038367290748892
0.1902938943894389
0.19031387362637361
0.19034511525795808
0.1903670504385965
0.19035941949616628
0.19037155361050298
0.19045191256830604
0.19046752183406143
0.1903338331515813
0.19032121459694998
0.19035816104461373
0.19033964673913042
0.1903540988056458
0.19038972342733196
0.1903572318526543
0.19037202380952398
0.1901657297297298
0.19021506479481656
0.19022222222222224
0.19031848060344814
0.19020963401506966
0.19025467741935495
0.19028122986036528
0.19038154506437774
0.19038089496248664
0.19044014989293362
0.19024647058823543
0.1901264423076922
0.1900327908217717
0.19003835287846482
0.1900216453674122
0.19003638297872344
0.19014420828905426
0.19005445859872608
0.19002221633085903
0.18997992584745765
0.190040687830688
0.19004931289640606
0.1899657338965153
0.1900068037974684
0.19013645943097982
0.1901948421052632
0.19012418506834916
0.19016467962184874
0.19012258656873043
0.19030214884696003
0.19029054973821977
0.19036681485355653
0.19034192789968662
0.19040276617954074
0.19048534932221067
0.19046153645833339
0.1904686004162331
0.19061047297297284
0.19061235721703032
0.19070277489626566
0.1908831865284973
0.19085080227743279
0.19088438469493257
0.19096394628099178
0.191027528379773
0.19101048969072162
0.1910123326467561
0.19090393518518536
0.19090634635149012
0.19085713552361389
0.19094010256410254
0.19091662397540973
0.1909340583418628
0.1909325664621679
0.19084553115423908
0.19074002551020408
0.1907607798165138
0.19069936354378822
0.19074028484231936
0.19069527439024395
0.19067657360406093
0.19081521298174445
0.1909940476190475
0.19104445850202426
0.1909926946410516
0.1910068434343435
0.19105431382441984
0.19099740423387102
0.191056294058409
0.1909229124748489
0.19092577889447238
0.19105755522088383
0.19096930792377131
0.19110693887775565
0.19093991491491466
0.19092784999999998
